<?xml version="1.0" encoding="UTF-8"?>
<!-- Generated by org.testng.reporters.JUnitXMLReporter -->
<testsuite hostname="KGML002" name="Method Test " tests="4" failures="1" timestamp="20 Sep 2016 05:52:51 GMT" time="40.03" errors="0">
  <testcase name="verifySignInMethod" time="1.616" classname="com.guru99.testcases.GLPDemo"/>
  <testcase name="verifyCreateCustomer" time="22.201" classname="com.guru99.testcases.GLPDemo">
    <failure type="java.lang.NullPointerException">
      <![CDATA[java.lang.NullPointerException
	at com.guru99.testcases.GLPDemoBase.createNewCustomer(GLPDemoBase.java:106)
	at com.guru99.testcases.GLPDemo.verifyCreateCustomer(GLPDemo.java:44)
... Removed 24 stack frames]]>
    </failure>
  </testcase> <!-- verifyCreateCustomer -->
  <testcase name="findElementTest" time="10.179" classname="com.guru99.testcases.GLPDemo"/>
  <testcase name="assertTest" time="0.496" classname="com.guru99.testcases.GLPDemo"/>
</testsuite> <!-- Method Test  -->
