<?xml version="1.0" encoding="UTF-8"?>
<!-- Generated by org.testng.reporters.JUnitXMLReporter -->
<testsuite hostname="KGML002" name="DemoAUT_Test" tests="6" failures="1" timestamp="5 Aug 2016 02:41:12 GMT" time="29.026" errors="0">
  <testcase name="main" time="0.0" classname="com.kagami.testconfig.TestConfig">
    <skipped/>
  </testcase> <!-- main -->
  <testcase name="zipSingleFile" time="0.0" classname="com.kagami.testconfig.TestConfig">
    <skipped/>
  </testcase> <!-- zipSingleFile -->
  <testcase name="print" time="0.001" classname="com.kagami.uiTests.DemoAUT1"/>
  <testcase name="register" time="28.986" classname="com.kagami.uiTests.DemoAUT2">
    <failure type="java.lang.NullPointerException">
      <![CDATA[java.lang.NullPointerException
	at com.kagami.library.GenericMethods.readMultipleTestData(GenericMethods.java:606)
	at com.kagami.uiTests.DemoAUT2.register(DemoAUT2.java:37)
... Removed 24 stack frames]]>
    </failure>
  </testcase> <!-- register -->
  <testcase name="print" time="0.0" classname="com.kagami.uiTests.DemoAUT3"/>
  <testcase name="print" time="0.0" classname="com.kagami.uiTests.DemoAUT4"/>
</testsuite> <!-- DemoAUT_Test -->
