<?xml version="1.0" encoding="UTF-8"?>
<!-- Generated by org.testng.reporters.JUnitXMLReporter -->
<testsuite hostname="KGML002" name="Functional Test " tests="5" failures="1" timestamp="9 Aug 2016 12:24:25 GMT" time="78.86" errors="0">
  <testcase name="main" time="0.0" classname="com.kagami.testconfig.TestConfig">
    <skipped/>
  </testcase> <!-- main -->
  <testcase name="zipSingleFile" time="0.0" classname="com.kagami.testconfig.TestConfig">
    <skipped/>
  </testcase> <!-- zipSingleFile -->
  <testcase name="print" time="0.003" classname="com.kagami.functionaltest.Demo1"/>
  <testcase name="register" time="29.316" classname="com.kagami.functionaltest.Demo2">
    <skipped/>
  </testcase> <!-- register -->
  <testcase name="register" time="26.569" classname="com.kagami.functionaltest.Demo2">
    <failure type="java.lang.NullPointerException">
      <![CDATA[java.lang.NullPointerException
	at com.kagami.functionaltest.Demo2.register(Demo2.java:56)
... Removed 24 stack frames]]>
    </failure>
  </testcase> <!-- register -->
</testsuite> <!-- Functional Test  -->
