<?xml version="1.0" encoding="UTF-8"?>
<!-- Generated by org.testng.reporters.JUnitXMLReporter -->
<testsuite hostname="KGML002" name="Sample Test 1" tests="5" failures="0" timestamp="11 Aug 2016 07:24:20 GMT" time="0.037" errors="0">
  <testcase name="class1" time="0.01" classname="com.kagami.testsuite1.Class1"/>
  <testcase name="class2" time="0.002" classname="com.kagami.testsuite1.Class2"/>
  <testcase name="class3" time="0.002" classname="com.kagami.testsuite1.Class3"/>
  <testcase name="class4" time="0.001" classname="com.kagami.testsuite1.Class4"/>
  <testcase name="class5" time="0.001" classname="com.kagami.testsuite1.Class5"/>
</testsuite> <!-- Sample Test 1 -->
