<?xml version="1.0" encoding="UTF-8"?>
<!-- Generated by org.testng.reporters.JUnitXMLReporter -->
<testsuite hostname="KGML002" name="Test" tests="4" failures="0" timestamp="1 Aug 2016 12:32:09 GMT" time="0.02" errors="0">
  <testcase name="test1" time="0.0" classname="com.kagami.testconfig.TestPreconditions"/>
  <testcase name="test2" time="0.01" classname="com.kagami.testconfig.TestPreconditions"/>
  <testcase name="test3" time="0.0" classname="com.kagami.testconfig.TestPreconditions"/>
  <testcase name="test4" time="0.0" classname="com.kagami.testconfig.TestPreconditions"/>
</testsuite> <!-- Test -->
