<?xml version="1.0" encoding="UTF-8"?>
<!-- Generated by org.testng.reporters.JUnitXMLReporter -->
<testsuite hostname="KGM032" name="Test" tests="3" failures="1" timestamp="4 Aug 2016 12:11:38 GMT" time="26.838" errors="0">
  <testcase name="main" time="0.0" classname="com.kagami.testconfig.TestConfig">
    <skipped/>
  </testcase> <!-- main -->
  <testcase name="zipSingleFile" time="0.0" classname="com.kagami.testconfig.TestConfig">
    <skipped/>
  </testcase> <!-- zipSingleFile -->
  <testcase name="register" time="26.804" classname="com.kagami.uiTests.DemoAUT">
    <failure type="java.lang.NullPointerException">
      <![CDATA[java.lang.NullPointerException
	at com.kagami.library.GenericMethods.readMultipleTestData(GenericMethods.java:606)
	at com.kagami.uiTests.DemoAUT.register(DemoAUT.java:37)
... Removed 24 stack frames]]>
    </failure>
  </testcase> <!-- register -->
</testsuite> <!-- Test -->
