<?xml version="1.0" encoding="UTF-8"?>
<testng-results skipped="0" failed="1" total="4" passed="3">
  <reporter-output>
    <line>
      <![CDATA[Test 1 Started]]>
    </line>
    <line>
      <![CDATA[Test 2 Started]]>
    </line>
  </reporter-output>
  <suite name="Guru Test Suite" duration-ms="40030" started-at="2016-09-20T05:52:11Z" finished-at="2016-09-20T05:52:51Z">
    <groups>
    </groups>
    <test name="Method Test " duration-ms="40030" started-at="2016-09-20T05:52:11Z" finished-at="2016-09-20T05:52:51Z">
      <class name="com.guru99.testcases.GLPDemo">
        <test-method status="PASS" signature="browserSelection()[pri:0, instance:com.guru99.testcases.GLPDemo@617faa95]" name="browserSelection" is-config="true" duration-ms="4202" started-at="2016-09-20T11:22:11Z" finished-at="2016-09-20T11:22:15Z">
          <reporter-output>
          </reporter-output>
        </test-method> <!-- browserSelection -->
        <test-method status="PASS" signature="verifySignInMethod()[pri:0, instance:com.guru99.testcases.GLPDemo@617faa95]" name="verifySignInMethod" duration-ms="1616" started-at="2016-09-20T11:22:15Z" finished-at="2016-09-20T11:22:17Z">
          <reporter-output>
            <line>
              <![CDATA[Test 1 Started]]>
            </line>
          </reporter-output>
        </test-method> <!-- verifySignInMethod -->
        <test-method status="FAIL" signature="verifyCreateCustomer()[pri:1, instance:com.guru99.testcases.GLPDemo@617faa95]" name="verifyCreateCustomer" duration-ms="22201" started-at="2016-09-20T11:22:17Z" finished-at="2016-09-20T11:22:39Z">
          <exception class="java.lang.NullPointerException">
            <full-stacktrace>
              <![CDATA[java.lang.NullPointerException
	at com.guru99.testcases.GLPDemoBase.createNewCustomer(GLPDemoBase.java:106)
	at com.guru99.testcases.GLPDemo.verifyCreateCustomer(GLPDemo.java:44)
	at sun.reflect.NativeMethodAccessorImpl.invoke0(Native Method)
	at sun.reflect.NativeMethodAccessorImpl.invoke(NativeMethodAccessorImpl.java:62)
	at sun.reflect.DelegatingMethodAccessorImpl.invoke(DelegatingMethodAccessorImpl.java:43)
	at java.lang.reflect.Method.invoke(Method.java:498)
	at org.testng.internal.MethodInvocationHelper.invokeMethod(MethodInvocationHelper.java:85)
	at org.testng.internal.Invoker.invokeMethod(Invoker.java:639)
	at org.testng.internal.Invoker.invokeTestMethod(Invoker.java:816)
	at org.testng.internal.Invoker.invokeTestMethods(Invoker.java:1124)
	at org.testng.internal.TestMethodWorker.invokeTestMethods(TestMethodWorker.java:125)
	at org.testng.internal.TestMethodWorker.run(TestMethodWorker.java:108)
	at org.testng.TestRunner.privateRun(TestRunner.java:774)
	at org.testng.TestRunner.run(TestRunner.java:624)
	at org.testng.SuiteRunner.runTest(SuiteRunner.java:359)
	at org.testng.SuiteRunner.runSequentially(SuiteRunner.java:354)
	at org.testng.SuiteRunner.privateRun(SuiteRunner.java:312)
	at org.testng.SuiteRunner.run(SuiteRunner.java:261)
	at org.testng.SuiteRunnerWorker.runSuite(SuiteRunnerWorker.java:52)
	at org.testng.SuiteRunnerWorker.run(SuiteRunnerWorker.java:86)
	at org.testng.TestNG.runSuitesSequentially(TestNG.java:1215)
	at org.testng.TestNG.runSuitesLocally(TestNG.java:1140)
	at org.testng.TestNG.run(TestNG.java:1048)
	at org.testng.remote.AbstractRemoteTestNG.run(AbstractRemoteTestNG.java:126)
	at org.testng.remote.RemoteTestNG.initAndRun(RemoteTestNG.java:152)
	at org.testng.remote.RemoteTestNG.main(RemoteTestNG.java:57)
]]>
            </full-stacktrace>
          </exception> <!-- java.lang.NullPointerException -->
          <reporter-output>
            <line>
              <![CDATA[Test 2 Started]]>
            </line>
          </reporter-output>
        </test-method> <!-- verifyCreateCustomer -->
        <test-method status="PASS" signature="findElementTest()[pri:2, instance:com.guru99.testcases.GLPDemo@617faa95]" name="findElementTest" duration-ms="10179" started-at="2016-09-20T11:22:39Z" finished-at="2016-09-20T11:22:49Z">
          <reporter-output>
          </reporter-output>
        </test-method> <!-- findElementTest -->
        <test-method status="PASS" signature="assertTest()[pri:3, instance:com.guru99.testcases.GLPDemo@617faa95]" name="assertTest" duration-ms="496" started-at="2016-09-20T11:22:49Z" finished-at="2016-09-20T11:22:50Z">
          <reporter-output>
          </reporter-output>
        </test-method> <!-- assertTest -->
        <test-method status="PASS" signature="browserShutDown()[pri:0, instance:com.guru99.testcases.GLPDemo@617faa95]" name="browserShutDown" is-config="true" duration-ms="1315" started-at="2016-09-20T11:22:50Z" finished-at="2016-09-20T11:22:51Z">
          <reporter-output>
          </reporter-output>
        </test-method> <!-- browserShutDown -->
      </class> <!-- com.guru99.testcases.GLPDemo -->
    </test> <!-- Method Test  -->
  </suite> <!-- Guru Test Suite -->
</testng-results>
