<?xml version="1.0" encoding="UTF-8"?>
<!-- Generated by org.testng.reporters.JUnitXMLReporter -->
<testsuite hostname="KGML002" name="Default test" tests="5" failures="0" timestamp="1 Aug 2016 14:01:35 GMT" time="0.04" errors="0">
  <testcase name="main" time="0.0" classname="com.kagami.testconfig.TestPreconditions">
    <skipped/>
  </testcase> <!-- main -->
  <testcase name="test1" time="0.01" classname="com.kagami.testconfig.TestPreconditions"/>
  <testcase name="test2" time="0.0" classname="com.kagami.testconfig.TestPreconditions"/>
  <testcase name="test3" time="0.0" classname="com.kagami.testconfig.TestPreconditions"/>
  <testcase name="test4" time="0.0" classname="com.kagami.testconfig.TestPreconditions"/>
</testsuite> <!-- Default test -->
